<?xml version="1.0" encoding="UTF-8"?>
<testsuite name="Recitation7Test" tests="2" skipped="0" failures="0" errors="0" timestamp="2024-04-03T18:52:55" hostname="Hafsahs-MacBook-Air.local" time="0.016">
  <properties/>
  <testcase name="[1] test lastItemReachable" classname="Recitation7Test" time="0.014"/>
  <testcase name="[2] test slidingWindowMinTest" classname="Recitation7Test" time="0.001"/>
  <system-out><![CDATA[]]></system-out>
  <system-err><![CDATA[]]></system-err>
</testsuite>
